	Babylon.js Exporter version: 1.8.0, Blender version: 2.74 (sub 0)
========= Conversion from Blender to Babylon.js =========
	Python World class constructor completed
	WARNING: No active camera has been assigned, or is not in a currently selected Blender layer
	processing begun of material:  firstgame.Material.001
	processing begun of material:  firstgame.Material.002
	WARNING texture type not currently supported:  OCEAN, ignored.
	processing begun of material:  firstgame.Material.003
	processing begun of material:  firstgame.Material.004
	processing begun of material:  firstgame.Material.005
	processing begun of material:  firstgame.Material.006
	processing begun of material:  firstgame.Material.007
	WARNING texture type not currently supported:  NONE, ignored.
	processing begun of material:  firstgame.Material.008
	processing begun of material:  firstgame.Material.009
	processing begun of material:  firstgame.Material.010
	processing begun of material:  firstgame.Material.011
	processing begun of material:  firstgame.Material.012
	processing begun of material:  firstgame.Material.013
	processing begun of material:  firstgame.Material.014
	WARNING texture type not currently supported:  STUCCI, ignored.
	processing begun of mesh:  Mine.021
		processing begun of multimaterial:  firstgame.Multimaterial#0
		num positions      :  258
		num normals        :  258
		num uvs            :  0
		num uvs2           :  0
		num colors         :  0
		num indices        :  924
		WARNING: # of 0 area faces found:  60
	processing begun of mesh:  Mine.020
		processing begun of multimaterial:  firstgame.Multimaterial#1
		num positions      :  258
		num normals        :  258
		num uvs            :  0
		num uvs2           :  0
		num colors         :  0
		num indices        :  924
		WARNING: # of 0 area faces found:  60
	processing begun of mesh:  Mine.019
		processing begun of multimaterial:  firstgame.Multimaterial#2
		num positions      :  258
		num normals        :  258
		num uvs            :  0
		num uvs2           :  0
		num colors         :  0
		num indices        :  924
		WARNING: # of 0 area faces found:  60
	processing begun of mesh:  Mine.018
		processing begun of multimaterial:  firstgame.Multimaterial#3
		num positions      :  258
		num normals        :  258
		num uvs            :  0
		num uvs2           :  0
		num colors         :  0
		num indices        :  924
		WARNING: # of 0 area faces found:  60
	processing begun of mesh:  Astroid.016
		num positions      :  275
		num normals        :  275
		num uvs            :  550
		num uvs2           :  0
		num colors         :  0
		num indices        :  324
	processing begun of mesh:  Astroid.015
		num positions      :  275
		num normals        :  275
		num uvs            :  550
		num uvs2           :  0
		num colors         :  0
		num indices        :  324
	processing begun of mesh:  Astroid.014
		num positions      :  275
		num normals        :  275
		num uvs            :  550
		num uvs2           :  0
		num colors         :  0
		num indices        :  324
	processing begun of mesh:  Astroid.013
		num positions      :  275
		num normals        :  275
		num uvs            :  550
		num uvs2           :  0
		num colors         :  0
		num indices        :  324
	processing begun of mesh:  SpaceEnemy.017
		processing begun of multimaterial:  firstgame.Multimaterial#4
		num positions      :  304
		num normals        :  304
		num uvs            :  0
		num uvs2           :  0
		num colors         :  0
		num indices        :  732
	processing begun of mesh:  SpaceEnemy.016
		processing begun of multimaterial:  firstgame.Multimaterial#5
		num positions      :  304
		num normals        :  304
		num uvs            :  0
		num uvs2           :  0
		num colors         :  0
		num indices        :  732
	processing begun of mesh:  SpaceEnemy.015
		processing begun of multimaterial:  firstgame.Multimaterial#6
		num positions      :  304
		num normals        :  304
		num uvs            :  0
		num uvs2           :  0
		num colors         :  0
		num indices        :  732
	processing begun of mesh:  Astroid.012
		num positions      :  275
		num normals        :  275
		num uvs            :  550
		num uvs2           :  0
		num colors         :  0
		num indices        :  324
	processing begun of mesh:  SpaceEnemy.014
		processing begun of multimaterial:  firstgame.Multimaterial#7
		num positions      :  304
		num normals        :  304
		num uvs            :  0
		num uvs2           :  0
		num colors         :  0
		num indices        :  732
	processing begun of mesh:  Mine.017
		processing begun of multimaterial:  firstgame.Multimaterial#8
		num positions      :  258
		num normals        :  258
		num uvs            :  0
		num uvs2           :  0
		num colors         :  0
		num indices        :  924
		WARNING: # of 0 area faces found:  60
	processing begun of mesh:  Mine.016
		processing begun of multimaterial:  firstgame.Multimaterial#9
		num positions      :  258
		num normals        :  258
		num uvs            :  0
		num uvs2           :  0
		num colors         :  0
		num indices        :  924
		WARNING: # of 0 area faces found:  60
	processing begun of mesh:  Astroid.011
		num positions      :  275
		num normals        :  275
		num uvs            :  550
		num uvs2           :  0
		num colors         :  0
		num indices        :  324
	processing begun of mesh:  SpaceEnemy.013
		processing begun of multimaterial:  firstgame.Multimaterial#10
		num positions      :  304
		num normals        :  304
		num uvs            :  0
		num uvs2           :  0
		num colors         :  0
		num indices        :  732
	processing begun of mesh:  Astroid.010
		num positions      :  275
		num normals        :  275
		num uvs            :  550
		num uvs2           :  0
		num colors         :  0
		num indices        :  324
	processing begun of mesh:  Mine.015
		processing begun of multimaterial:  firstgame.Multimaterial#11
		num positions      :  258
		num normals        :  258
		num uvs            :  0
		num uvs2           :  0
		num colors         :  0
		num indices        :  924
		WARNING: # of 0 area faces found:  60
	processing begun of mesh:  SpaceEnemy.012
		processing begun of multimaterial:  firstgame.Multimaterial#12
		num positions      :  304
		num normals        :  304
		num uvs            :  0
		num uvs2           :  0
		num colors         :  0
		num indices        :  732
	processing begun of mesh:  Astroid.009
		num positions      :  275
		num normals        :  275
		num uvs            :  550
		num uvs2           :  0
		num colors         :  0
		num indices        :  324
	processing begun of mesh:  Mine.014
		processing begun of multimaterial:  firstgame.Multimaterial#13
		num positions      :  258
		num normals        :  258
		num uvs            :  0
		num uvs2           :  0
		num colors         :  0
		num indices        :  924
		WARNING: # of 0 area faces found:  60
	processing begun of mesh:  SpaceEnemy.011
		processing begun of multimaterial:  firstgame.Multimaterial#14
		num positions      :  304
		num normals        :  304
		num uvs            :  0
		num uvs2           :  0
		num colors         :  0
		num indices        :  732
	processing begun of mesh:  Astroid.008
		num positions      :  275
		num normals        :  275
		num uvs            :  550
		num uvs2           :  0
		num colors         :  0
		num indices        :  324
	processing begun of mesh:  Mine.013
		processing begun of multimaterial:  firstgame.Multimaterial#15
		num positions      :  258
		num normals        :  258
		num uvs            :  0
		num uvs2           :  0
		num colors         :  0
		num indices        :  924
		WARNING: # of 0 area faces found:  60
	processing begun of mesh:  Mine.012
		processing begun of multimaterial:  firstgame.Multimaterial#16
		num positions      :  258
		num normals        :  258
		num uvs            :  0
		num uvs2           :  0
		num colors         :  0
		num indices        :  924
		WARNING: # of 0 area faces found:  60
	processing begun of mesh:  Mine.011
		processing begun of multimaterial:  firstgame.Multimaterial#17
		num positions      :  258
		num normals        :  258
		num uvs            :  0
		num uvs2           :  0
		num colors         :  0
		num indices        :  924
		WARNING: # of 0 area faces found:  60
	processing begun of mesh:  Mine.010
		processing begun of multimaterial:  firstgame.Multimaterial#18
		num positions      :  258
		num normals        :  258
		num uvs            :  0
		num uvs2           :  0
		num colors         :  0
		num indices        :  924
		WARNING: # of 0 area faces found:  60
	processing begun of mesh:  Astroid.007
		num positions      :  275
		num normals        :  275
		num uvs            :  550
		num uvs2           :  0
		num colors         :  0
		num indices        :  324
	processing begun of mesh:  Mine.009
		processing begun of multimaterial:  firstgame.Multimaterial#19
		num positions      :  258
		num normals        :  258
		num uvs            :  0
		num uvs2           :  0
		num colors         :  0
		num indices        :  924
		WARNING: # of 0 area faces found:  60
	processing begun of mesh:  SpaceEnemy.010
		processing begun of multimaterial:  firstgame.Multimaterial#20
		num positions      :  304
		num normals        :  304
		num uvs            :  0
		num uvs2           :  0
		num colors         :  0
		num indices        :  732
	processing begun of mesh:  SpaceEnemy.009
		processing begun of multimaterial:  firstgame.Multimaterial#21
		num positions      :  304
		num normals        :  304
		num uvs            :  0
		num uvs2           :  0
		num colors         :  0
		num indices        :  732
	processing begun of mesh:  Astroid.006
		num positions      :  275
		num normals        :  275
		num uvs            :  550
		num uvs2           :  0
		num colors         :  0
		num indices        :  324
	processing begun of mesh:  Astroid.005
		num positions      :  275
		num normals        :  275
		num uvs            :  550
		num uvs2           :  0
		num colors         :  0
		num indices        :  324
	processing begun of mesh:  SpaceEnemy.008
		processing begun of multimaterial:  firstgame.Multimaterial#22
		num positions      :  304
		num normals        :  304
		num uvs            :  0
		num uvs2           :  0
		num colors         :  0
		num indices        :  732
	processing begun of mesh:  Mine.008
		processing begun of multimaterial:  firstgame.Multimaterial#23
		num positions      :  258
		num normals        :  258
		num uvs            :  0
		num uvs2           :  0
		num colors         :  0
		num indices        :  924
		WARNING: # of 0 area faces found:  60
	processing begun of mesh:  Trigger.End
		WARNING:  No materials have been assigned: 
		num positions      :  8
		num normals        :  8
		num uvs            :  0
		num uvs2           :  0
		num colors         :  0
		num indices        :  36
	processing begun of mesh:  SpaceEnemy.007
		processing begun of multimaterial:  firstgame.Multimaterial#24
		num positions      :  304
		num normals        :  304
		num uvs            :  0
		num uvs2           :  0
		num colors         :  0
		num indices        :  732
	processing begun of mesh:  Astroid.004
		num positions      :  275
		num normals        :  275
		num uvs            :  550
		num uvs2           :  0
		num colors         :  0
		num indices        :  324
	processing begun of mesh:  Mine.007
		processing begun of multimaterial:  firstgame.Multimaterial#25
		num positions      :  258
		num normals        :  258
		num uvs            :  0
		num uvs2           :  0
		num colors         :  0
		num indices        :  924
		WARNING: # of 0 area faces found:  60
	processing begun of mesh:  Mine.006
		processing begun of multimaterial:  firstgame.Multimaterial#26
		num positions      :  258
		num normals        :  258
		num uvs            :  0
		num uvs2           :  0
		num colors         :  0
		num indices        :  924
		WARNING: # of 0 area faces found:  60
	processing begun of mesh:  Mine.005
		processing begun of multimaterial:  firstgame.Multimaterial#27
		num positions      :  258
		num normals        :  258
		num uvs            :  0
		num uvs2           :  0
		num colors         :  0
		num indices        :  924
		WARNING: # of 0 area faces found:  60
	processing begun of mesh:  Mine.004
		processing begun of multimaterial:  firstgame.Multimaterial#28
		num positions      :  258
		num normals        :  258
		num uvs            :  0
		num uvs2           :  0
		num colors         :  0
		num indices        :  924
		WARNING: # of 0 area faces found:  60
	processing begun of mesh:  SpaceEnemy.006
		processing begun of multimaterial:  firstgame.Multimaterial#29
		num positions      :  304
		num normals        :  304
		num uvs            :  0
		num uvs2           :  0
		num colors         :  0
		num indices        :  732
	processing begun of mesh:  Mine.003
		processing begun of multimaterial:  firstgame.Multimaterial#30
		num positions      :  258
		num normals        :  258
		num uvs            :  0
		num uvs2           :  0
		num colors         :  0
		num indices        :  924
		WARNING: # of 0 area faces found:  60
	processing begun of mesh:  Astroid.003
		num positions      :  274
		num normals        :  274
		num uvs            :  548
		num uvs2           :  0
		num colors         :  0
		num indices        :  324
	processing begun of mesh:  SpaceEnemy.005
		processing begun of multimaterial:  firstgame.Multimaterial#31
		num positions      :  304
		num normals        :  304
		num uvs            :  0
		num uvs2           :  0
		num colors         :  0
		num indices        :  732
	processing begun of mesh:  Mine.001
		processing begun of multimaterial:  firstgame.Multimaterial#32
		num positions      :  258
		num normals        :  258
		num uvs            :  0
		num uvs2           :  0
		num colors         :  0
		num indices        :  924
		WARNING: # of 0 area faces found:  60
	processing begun of mesh:  Mine.000
		processing begun of multimaterial:  firstgame.Multimaterial#33
		num positions      :  258
		num normals        :  258
		num uvs            :  0
		num uvs2           :  0
		num colors         :  0
		num indices        :  924
		WARNING: # of 0 area faces found:  60
	processing begun of mesh:  Astroid.002
		num positions      :  274
		num normals        :  274
		num uvs            :  548
		num uvs2           :  0
		num colors         :  0
		num indices        :  324
	processing begun of mesh:  SpaceEnemy.004
		processing begun of multimaterial:  firstgame.Multimaterial#34
		num positions      :  304
		num normals        :  304
		num uvs            :  0
		num uvs2           :  0
		num colors         :  0
		num indices        :  732
	processing begun of mesh:  Astroid.001
		num positions      :  274
		num normals        :  274
		num uvs            :  548
		num uvs2           :  0
		num colors         :  0
		num indices        :  324
	processing begun of mesh:  SpaceEnemy.003
		processing begun of multimaterial:  firstgame.Multimaterial#35
		num positions      :  304
		num normals        :  304
		num uvs            :  0
		num uvs2           :  0
		num colors         :  0
		num indices        :  732
	processing begun of mesh:  SpaceEnemy.002
		processing begun of multimaterial:  firstgame.Multimaterial#36
		num positions      :  304
		num normals        :  304
		num uvs            :  0
		num uvs2           :  0
		num colors         :  0
		num indices        :  732
	processing begun of mesh:  Mine.002
		processing begun of multimaterial:  firstgame.Multimaterial#37
		num positions      :  258
		num normals        :  258
		num uvs            :  0
		num uvs2           :  0
		num colors         :  0
		num indices        :  924
		WARNING: # of 0 area faces found:  60
	processing begun of mesh:  SpaceEnemy.001
		processing begun of multimaterial:  firstgame.Multimaterial#38
		num positions      :  304
		num normals        :  304
		num uvs            :  0
		num uvs2           :  0
		num colors         :  0
		num indices        :  732
	processing begun of mesh:  Topboundry.001
		WARNING:  No materials have been assigned: 
		num positions      :  8
		num normals        :  8
		num uvs            :  0
		num uvs2           :  0
		num colors         :  0
		num indices        :  36
	processing begun of mesh:  Topboundry
		WARNING:  No materials have been assigned: 
		num positions      :  8
		num normals        :  8
		num uvs            :  0
		num uvs2           :  0
		num colors         :  0
		num indices        :  36
	processing begun of mesh:  Plane
		num positions      :  4
		num normals        :  4
		num uvs            :  0
		num uvs2           :  0
		num colors         :  0
		num indices        :  6
	processing begun of mesh:  Actor.Rocket
		processing begun of multimaterial:  firstgame.Multimaterial#39
		num positions      :  380
		num normals        :  380
		num uvs            :  0
		num uvs2           :  0
		num colors         :  0
		num indices        :  1620
	processing begun of mesh:  SpaceEnemy
		processing begun of multimaterial:  firstgame.Multimaterial#40
		num positions      :  304
		num normals        :  304
		num uvs            :  0
		num uvs2           :  0
		num colors         :  0
		num indices        :  732
	processing begun of mesh:  Astroid
		num positions      :  274
		num normals        :  274
		num uvs            :  548
		num uvs2           :  0
		num colors         :  0
		num indices        :  324
	processing begun of light (HEMI):  Hemi.001
	processing begun of light (HEMI):  Hemi
	processing begun of light (POINT):  Lamp
========= Writing of scene file started =========
========= Writing of scene file completed =========
========= end of processing =========
